TN:
SF:/Users/remy/Sites/bind/lib/bind.js
FN:5,Bind
FN:17,(anonymous_2)
FN:18,(anonymous_3)
FN:19,(anonymous_4)
FN:29,forEach
FN:38,AugmentedArray
FN:40,(anonymous_7)
FN:43,eachArrayMethod
FN:44,augmentedMethod
FN:66,(anonymous_10)
FN:87,(anonymous_11)
FN:97,extend
FN:103,eachProp
FN:151,(anonymous_14)
FN:155,(anonymous_15)
FN:170,(anonymous_16)
FN:184,(anonymous_17)
FN:187,(anonymous_18)
FN:221,(anonymous_19)
FN:245,initValue
FN:272,(anonymous_21)
FN:306,Bind
FN:332,deferreds
FN:341,(anonymous_24)
FN:342,extend
FN:343,(anonymous_26)
FNF:26
FNH:25
FNDA:1,Bind
FNDA:31,(anonymous_2)
FNDA:1,(anonymous_3)
FNDA:3,(anonymous_4)
FNDA:377,forEach
FNDA:45,AugmentedArray
FNDA:0,(anonymous_7)
FNDA:315,eachArrayMethod
FNDA:51,augmentedMethod
FNDA:53,(anonymous_10)
FNDA:366,(anonymous_11)
FNDA:244,extend
FNDA:585,eachProp
FNDA:13,(anonymous_14)
FNDA:32,(anonymous_15)
FNDA:15,(anonymous_16)
FNDA:21,(anonymous_17)
FNDA:2,(anonymous_18)
FNDA:679,(anonymous_19)
FNDA:205,initValue
FNDA:1244,(anonymous_21)
FNDA:56,Bind
FNDA:147,deferreds
FNDA:1,(anonymous_24)
FNDA:2,extend
FNDA:5,(anonymous_26)
DA:5,1
DA:8,1
DA:9,0
DA:13,1
DA:14,1
DA:15,1
DA:16,1
DA:17,31
DA:18,1
DA:19,1
DA:20,3
DA:21,3
DA:23,0
DA:29,1
DA:30,377
DA:31,377
DA:32,1120
DA:38,1
DA:39,45
DA:40,45
DA:41,0
DA:43,45
DA:44,315
DA:47,51
DA:50,51
DA:51,51
DA:52,51
DA:53,6
DA:56,51
DA:57,51
DA:61,45
DA:63,45
DA:67,53
DA:68,51
DA:70,51
DA:72,2
DA:75,2
DA:76,2
DA:77,1
DA:79,1
DA:82,2
DA:85,2
DA:88,366
DA:91,45
DA:95,1
DA:97,1
DA:98,244
DA:103,244
DA:104,585
DA:106,585
DA:107,585
DA:108,585
DA:109,585
DA:113,585
DA:115,585
DA:118,585
DA:119,1
DA:120,0
DA:122,1
DA:123,1
DA:125,1
DA:126,0
DA:130,1
DA:135,585
DA:136,139
DA:137,446
DA:140,9
DA:141,9
DA:142,0
DA:149,9
DA:150,9
DA:151,9
DA:153,13
DA:154,13
DA:155,13
DA:158,32
DA:159,2
DA:162,30
DA:163,17
DA:166,13
DA:167,12
DA:169,13
DA:170,13
DA:171,15
DA:173,13
DA:177,13
DA:178,0
DA:184,9
DA:185,21
DA:187,8
DA:190,2
DA:191,2
DA:192,2
DA:193,1
DA:195,1
DA:201,2
DA:202,0
DA:205,2
DA:207,2
DA:217,585
DA:223,679
DA:224,679
DA:225,679
DA:229,679
DA:230,243
DA:235,679
DA:236,1
DA:237,678
DA:238,0
DA:240,678
DA:245,679
DA:246,205
DA:247,205
DA:250,205
DA:251,35
DA:255,679
DA:256,313
DA:259,679
DA:261,16
DA:262,663
DA:264,147
DA:265,516
DA:267,3
DA:268,1
DA:273,1244
DA:278,585
DA:279,585
DA:288,585
DA:289,147
DA:290,438
DA:291,45
DA:292,393
DA:295,340
DA:299,244
DA:300,45
DA:303,244
DA:306,1
DA:307,56
DA:308,5
DA:311,51
DA:317,51
DA:321,51
DA:324,51
DA:332,51
DA:333,147
DA:337,51
DA:341,1
DA:342,1
DA:343,2
DA:344,5
DA:347,5
DA:348,0
DA:351,5
DA:352,1
DA:354,4
DA:357,2
DA:360,1
DA:363,1
DA:367,1
DA:368,1
LF:160
LH:150
BRDA:8,1,0,0
BRDA:8,1,1,1
BRDA:23,2,0,0
BRDA:23,2,1,0
BRDA:52,3,0,6
BRDA:52,3,1,45
BRDA:52,4,0,51
BRDA:52,4,1,51
BRDA:67,5,0,51
BRDA:67,5,1,2
BRDA:75,6,0,2
BRDA:75,6,1,0
BRDA:76,7,0,1
BRDA:76,7,1,1
BRDA:98,8,0,51
BRDA:98,8,1,193
BRDA:118,9,0,1
BRDA:118,9,1,584
BRDA:118,10,0,585
BRDA:118,10,1,148
BRDA:119,11,0,0
BRDA:119,11,1,1
BRDA:122,12,0,1
BRDA:122,12,1,0
BRDA:125,13,0,0
BRDA:125,13,1,1
BRDA:135,14,0,139
BRDA:135,14,1,446
BRDA:137,15,0,9
BRDA:137,15,1,437
BRDA:140,16,0,9
BRDA:140,16,1,0
BRDA:141,17,0,0
BRDA:141,17,1,9
BRDA:153,18,0,13
BRDA:153,18,1,0
BRDA:154,19,0,13
BRDA:154,19,1,0
BRDA:158,20,0,2
BRDA:158,20,1,30
BRDA:162,21,0,17
BRDA:162,21,1,13
BRDA:166,22,0,12
BRDA:166,22,1,1
BRDA:177,23,0,0
BRDA:177,23,1,13
BRDA:185,24,0,8
BRDA:185,24,1,13
BRDA:185,25,0,21
BRDA:185,25,1,13
BRDA:192,26,0,1
BRDA:192,26,1,1
BRDA:201,27,0,0
BRDA:201,27,1,2
BRDA:223,28,0,61
BRDA:223,28,1,618
BRDA:229,29,0,243
BRDA:229,29,1,436
BRDA:235,30,0,1
BRDA:235,30,1,678
BRDA:235,31,0,679
BRDA:235,31,1,20
BRDA:235,31,2,1
BRDA:235,31,3,1
BRDA:236,32,0,1
BRDA:236,32,1,0
BRDA:237,33,0,0
BRDA:237,33,1,678
BRDA:246,34,0,205
BRDA:246,34,1,0
BRDA:250,35,0,35
BRDA:250,35,1,170
BRDA:250,36,0,205
BRDA:250,36,1,65
BRDA:255,37,0,313
BRDA:255,37,1,366
BRDA:259,38,0,16
BRDA:259,38,1,663
BRDA:259,39,0,679
BRDA:259,39,1,20
BRDA:262,40,0,147
BRDA:262,40,1,516
BRDA:265,41,0,3
BRDA:265,41,1,513
BRDA:265,42,0,516
BRDA:265,42,1,4
BRDA:267,43,0,1
BRDA:267,43,1,2
BRDA:288,44,0,147
BRDA:288,44,1,438
BRDA:288,45,0,585
BRDA:288,45,1,192
BRDA:288,45,2,192
BRDA:289,46,0,147
BRDA:289,46,1,0
BRDA:290,47,0,45
BRDA:290,47,1,393
BRDA:292,48,0,53
BRDA:292,48,1,340
BRDA:299,49,0,45
BRDA:299,49,1,199
BRDA:307,50,0,5
BRDA:307,50,1,51
BRDA:307,51,0,56
BRDA:307,51,1,51
BRDA:324,52,0,51
BRDA:324,52,1,0
BRDA:347,53,0,0
BRDA:347,53,1,5
BRDA:351,54,0,1
BRDA:351,54,1,4
BRDA:351,55,0,5
BRDA:351,55,1,1
BRDA:351,55,2,1
BRDA:352,56,0,1
BRDA:352,56,1,1
BRDA:367,57,0,1
BRDA:367,57,1,0
BRF:118
BRH:98
end_of_record
