TN:
SF:/Users/remy/Sites/bind/lib/bind.js
FN:5,bind
FN:17,(anonymous_2)
FN:18,(anonymous_3)
FN:19,(anonymous_4)
FN:29,forEach
FN:38,AugmentedArray
FN:40,(anonymous_7)
FN:43,eachArrayMethod
FN:44,augmentedMethod
FN:66,(anonymous_10)
FN:87,(anonymous_11)
FN:97,extend
FN:103,eachProp
FN:151,(anonymous_14)
FN:155,(anonymous_15)
FN:170,(anonymous_16)
FN:184,(anonymous_17)
FN:187,(anonymous_18)
FN:221,(anonymous_19)
FN:245,initValue
FN:272,(anonymous_21)
FN:306,Bind
FN:332,deferreds
FN:341,(anonymous_24)
FN:342,extend
FN:343,(anonymous_26)
FNF:26
FNH:26
FNDA:1,bind
FNDA:31,(anonymous_2)
FNDA:5,(anonymous_3)
FNDA:16,(anonymous_4)
FNDA:477,forEach
FNDA:58,AugmentedArray
FNDA:1,(anonymous_7)
FNDA:406,eachArrayMethod
FNDA:68,augmentedMethod
FNDA:70,(anonymous_10)
FNDA:467,(anonymous_11)
FNDA:305,extend
FNDA:728,eachProp
FNDA:19,(anonymous_14)
FNDA:38,(anonymous_15)
FNDA:25,(anonymous_16)
FNDA:24,(anonymous_17)
FNDA:3,(anonymous_18)
FNDA:845,(anonymous_19)
FNDA:253,initValue
FNDA:1578,(anonymous_21)
FNDA:91,Bind
FNDA:179,deferreds
FNDA:1,(anonymous_24)
FNDA:2,extend
FNDA:5,(anonymous_26)
DA:5,1
DA:8,1
DA:9,0
DA:13,1
DA:14,1
DA:15,1
DA:16,1
DA:17,31
DA:18,1
DA:19,5
DA:20,16
DA:21,16
DA:23,0
DA:29,1
DA:30,477
DA:31,477
DA:32,1405
DA:38,1
DA:39,58
DA:40,58
DA:41,1
DA:43,58
DA:44,406
DA:47,68
DA:50,68
DA:51,68
DA:52,68
DA:53,11
DA:56,68
DA:57,68
DA:61,58
DA:63,58
DA:67,70
DA:68,68
DA:70,68
DA:72,2
DA:75,2
DA:76,2
DA:77,1
DA:79,1
DA:82,2
DA:85,2
DA:88,467
DA:91,58
DA:95,1
DA:97,1
DA:98,305
DA:103,305
DA:104,728
DA:106,728
DA:107,728
DA:108,728
DA:109,728
DA:113,728
DA:115,728
DA:118,728
DA:119,5
DA:120,1
DA:122,5
DA:123,4
DA:125,5
DA:126,1
DA:130,5
DA:135,728
DA:136,168
DA:137,560
DA:140,12
DA:141,12
DA:142,0
DA:149,12
DA:150,12
DA:151,12
DA:153,19
DA:154,19
DA:155,19
DA:158,38
DA:159,3
DA:162,35
DA:163,19
DA:166,16
DA:167,12
DA:169,16
DA:170,16
DA:171,25
DA:173,16
DA:177,19
DA:178,0
DA:184,12
DA:185,24
DA:187,9
DA:190,3
DA:191,3
DA:192,3
DA:193,1
DA:195,2
DA:201,3
DA:202,0
DA:205,3
DA:207,3
DA:217,728
DA:223,845
DA:224,845
DA:225,845
DA:229,845
DA:230,301
DA:235,845
DA:236,1
DA:237,844
DA:238,1
DA:240,843
DA:245,845
DA:246,253
DA:247,253
DA:250,253
DA:251,41
DA:255,845
DA:256,389
DA:259,845
DA:261,22
DA:262,823
DA:264,179
DA:265,644
DA:267,6
DA:268,1
DA:273,1578
DA:278,728
DA:279,728
DA:288,728
DA:289,181
DA:290,547
DA:291,57
DA:292,490
DA:295,416
DA:299,305
DA:300,58
DA:303,305
DA:306,1
DA:307,91
DA:308,26
DA:311,65
DA:317,65
DA:321,65
DA:324,65
DA:332,65
DA:333,179
DA:337,65
DA:341,1
DA:342,1
DA:343,2
DA:344,5
DA:347,5
DA:348,0
DA:351,5
DA:352,1
DA:354,4
DA:357,2
DA:360,1
DA:363,1
DA:367,1
DA:368,1
LF:160
LH:154
BRDA:8,1,0,0
BRDA:8,1,1,1
BRDA:23,2,0,0
BRDA:23,2,1,0
BRDA:52,3,0,11
BRDA:52,3,1,57
BRDA:52,4,0,68
BRDA:52,4,1,68
BRDA:67,5,0,68
BRDA:67,5,1,2
BRDA:75,6,0,2
BRDA:75,6,1,0
BRDA:76,7,0,1
BRDA:76,7,1,1
BRDA:98,8,0,65
BRDA:98,8,1,240
BRDA:118,9,0,5
BRDA:118,9,1,723
BRDA:118,10,0,728
BRDA:118,10,1,181
BRDA:119,11,0,1
BRDA:119,11,1,4
BRDA:122,12,0,4
BRDA:122,12,1,1
BRDA:125,13,0,1
BRDA:125,13,1,4
BRDA:135,14,0,168
BRDA:135,14,1,560
BRDA:137,15,0,12
BRDA:137,15,1,548
BRDA:140,16,0,12
BRDA:140,16,1,0
BRDA:141,17,0,0
BRDA:141,17,1,12
BRDA:153,18,0,19
BRDA:153,18,1,0
BRDA:154,19,0,19
BRDA:154,19,1,0
BRDA:158,20,0,3
BRDA:158,20,1,35
BRDA:162,21,0,19
BRDA:162,21,1,16
BRDA:166,22,0,12
BRDA:166,22,1,4
BRDA:177,23,0,0
BRDA:177,23,1,19
BRDA:185,24,0,9
BRDA:185,24,1,15
BRDA:185,25,0,24
BRDA:185,25,1,15
BRDA:192,26,0,1
BRDA:192,26,1,2
BRDA:201,27,0,0
BRDA:201,27,1,3
BRDA:223,28,0,80
BRDA:223,28,1,765
BRDA:229,29,0,301
BRDA:229,29,1,544
BRDA:235,30,0,1
BRDA:235,30,1,844
BRDA:235,31,0,845
BRDA:235,31,1,29
BRDA:235,31,2,2
BRDA:235,31,3,2
BRDA:236,32,0,1
BRDA:236,32,1,0
BRDA:237,33,0,1
BRDA:237,33,1,843
BRDA:246,34,0,253
BRDA:246,34,1,0
BRDA:250,35,0,41
BRDA:250,35,1,212
BRDA:250,36,0,253
BRDA:250,36,1,79
BRDA:255,37,0,389
BRDA:255,37,1,456
BRDA:259,38,0,22
BRDA:259,38,1,823
BRDA:259,39,0,845
BRDA:259,39,1,29
BRDA:262,40,0,179
BRDA:262,40,1,644
BRDA:265,41,0,6
BRDA:265,41,1,638
BRDA:265,42,0,644
BRDA:265,42,1,7
BRDA:267,43,0,1
BRDA:267,43,1,5
BRDA:288,44,0,181
BRDA:288,44,1,547
BRDA:288,45,0,728
BRDA:288,45,1,238
BRDA:288,45,2,238
BRDA:289,46,0,181
BRDA:289,46,1,0
BRDA:290,47,0,57
BRDA:290,47,1,490
BRDA:292,48,0,74
BRDA:292,48,1,416
BRDA:299,49,0,58
BRDA:299,49,1,247
BRDA:307,50,0,26
BRDA:307,50,1,65
BRDA:307,51,0,91
BRDA:307,51,1,65
BRDA:324,52,0,65
BRDA:324,52,1,0
BRDA:347,53,0,0
BRDA:347,53,1,5
BRDA:351,54,0,1
BRDA:351,54,1,4
BRDA:351,55,0,5
BRDA:351,55,1,1
BRDA:351,55,2,1
BRDA:352,56,0,1
BRDA:352,56,1,1
BRDA:367,57,0,1
BRDA:367,57,1,0
BRF:118
BRH:102
end_of_record
